\BOOKMARK [1][-]{section.1}{\376\377\000Z\000a\000d\000\341\000n\000\355}{}% 1
\BOOKMARK [1][-]{section.2}{\376\377\000A\000n\000a\000l\000\375\000z\000a\000\040\000\372\000l\000o\000h\000y}{}% 2
\BOOKMARK [1][-]{section.3}{\376\377\000P\000o\000p\000i\000s\000\040\000s\000\355\001\145\000o\000v\000\351\000h\000o\000\040\000p\000r\000o\000t\000o\000k\000o\000l\000u}{}% 3
\BOOKMARK [2][-]{subsection.3.1}{\376\377\000Z\000\341\000k\000l\000a\000d\000n\000\355\000\040\000f\000o\000r\000m\000\341\000t\000\040\000z\000p\000r\000\341\000v\000y}{section.3}% 4
\BOOKMARK [2][-]{subsection.3.2}{\376\377\000T\000y\000p\000y\000\040\000z\000p\000r\000\341\000v}{section.3}% 5
\BOOKMARK [3][-]{subsubsection.3.2.1}{\376\377\000P\001\131\000\355\000k\000l\000a\000d\000y\000\040\000z\000p\000r\000\341\000v\000\040\000z\000\040\000k\000l\000i\000e\000n\000t\000a\000\040\000n\000a\000\040\000s\000e\000r\000v\000e\000r}{subsection.3.2}% 6
\BOOKMARK [3][-]{subsubsection.3.2.2}{\376\377\000P\001\131\000\355\000k\000l\000a\000d\000y\000\040\000z\000p\000r\000\341\000v\000\040\000z\000e\000\040\000s\000e\000r\000v\000e\000r\000u\000\040\000n\000a\000\040\000k\000l\000i\000e\000n\000t\000a}{subsection.3.2}% 7
\BOOKMARK [2][-]{subsection.3.3}{\376\377\000V\000a\000l\000i\000d\000a\000c\000e\000\040\000z\000p\000r\000\341\000v}{section.3}% 8
\BOOKMARK [1][-]{section.4}{\376\377\000S\000t\000r\000u\000k\000t\000u\000r\000a\000\040\000k\000l\000i\000e\000n\000t\000a}{}% 9
\BOOKMARK [2][-]{subsection.4.1}{\376\377\000S\000e\000r\000v\000e\000r\000L\000i\000s\000t\000e\000n\000e\000r\000.\000l\000i\000s\000t\000e\000n\000\137\000t\000o\000\137\000s\000e\000r\000v\000e\000r}{section.4}% 10
\BOOKMARK [2][-]{subsection.4.2}{\376\377\000S\000e\000r\000v\000e\000r\000L\000i\000s\000t\000e\000n\000e\000r\000.\000r\000o\000u\000t\000e\000\137\000s\000e\000r\000v\000e\000r\000\137\000m\000e\000s\000s\000a\000g\000e}{section.4}% 11
\BOOKMARK [2][-]{subsection.4.3}{\376\377\000S\000e\000r\000v\000e\000r\000L\000i\000s\000t\000e\000n\000e\000r\000.\000d\000i\000s\000c\000o\000n\000n\000e\000c\000t\000\137\000c\000l\000i\000e\000n\000t}{section.4}% 12
\BOOKMARK [1][-]{section.5}{\376\377\000S\000t\000r\000u\000k\000t\000u\000r\000a\000\040\000s\000e\000r\000v\000e\000r\000u}{}% 13
\BOOKMARK [2][-]{subsection.5.1}{\376\377\000T\000C\000P\000S\000e\000r\000v\000e\000r\000:\000:\000h\000a\000n\000d\000l\000e\000C\000l\000i\000e\000n\000t\000D\000a\000t\000a}{section.5}% 14
\BOOKMARK [2][-]{subsection.5.2}{\376\377\000G\000a\000m\000e\000S\000e\000r\000v\000e\000r\000:\000:\000r\000e\000s\000e\000t\000\137\000a\000n\000d\000\137\000r\000e\000m\000o\000v\000e\000\137\000p\000l\000a\000y\000e\000r}{section.5}% 15
\BOOKMARK [2][-]{subsection.5.3}{\376\377\000T\000C\000P\000S\000e\000r\000v\000e\000r\000:\000:\000r\000u\000n}{section.5}% 16
\BOOKMARK [2][-]{subsection.5.4}{\376\377\000T\000C\000P\000S\000e\000r\000v\000e\000r\000:\000:\000h\000a\000n\000d\000l\000e\000N\000e\000w\000C\000o\000n\000n\000e\000c\000t\000i\000o\000n}{section.5}% 17
\BOOKMARK [2][-]{subsection.5.5}{\376\377\000G\000a\000m\000e\000S\000e\000r\000v\000e\000r\000:\000:\000c\000h\000e\000c\000k\000\137\000f\000o\000r\000\137\000t\000i\000m\000e\000o\000u\000t\000s}{section.5}% 18
\BOOKMARK [2][-]{subsection.5.6}{\376\377\000T\000C\000P\000S\000e\000r\000v\000e\000r\000:\000:\000c\000l\000e\000a\000n\000u\000p}{section.5}% 19
\BOOKMARK [2][-]{subsection.5.7}{\376\377\000S\000h\000r\000n\000u\000t\000\355}{section.5}% 20
\BOOKMARK [1][-]{section.6}{\376\377\000Z\000\341\000v\001\033\000r}{}% 21
